Jum's 5200 Emulator V1.1
Initialising Jum52...
Reading config file 'jum52.cfg'...
Loading palette file 'real.act'...
Video mode: NTSC
Trying to load 'Ballblazer.BIN', crc32=0x94D97D14
Rom 'Ballblazer.BIN' loaded OK.
Executing 2000000000 CPU ticks...
Trying to load 'Pacman.BIN', crc32=0x8873EF51
Rom 'Pacman.BIN' loaded OK.
Executing 2000000000 CPU ticks...
Trying to load 'Millipede.BIN', crc32=0xFCB208A3
Rom 'Millipede.BIN' loaded OK.
Executing 2000000000 CPU ticks...
Trying to load 'StarRaiders.BIN', crc32=0x7D819A9F
Rom 'StarRaiders.BIN' loaded OK.
Executing 2000000000 CPU ticks...
Trying to load 'Berzerk.BIN', crc32=0xCC740E26
Rom 'Berzerk.BIN' loaded OK.
Executing 2000000000 CPU ticks...
