C:\DEV\JUM52\DRIVER_WIN32_SDL\RELEASE\5200GFX.OBJ
C:\DEV\JUM52\DRIVER_WIN32_SDL\RELEASE\5200GFX.SBR
C:\DEV\JUM52\DRIVER_WIN32_SDL\RELEASE\52EMU.OBJ
C:\DEV\JUM52\DRIVER_WIN32_SDL\RELEASE\52EMU.SBR
C:\DEV\JUM52\DRIVER_WIN32_SDL\RELEASE\6502.OBJ
C:\DEV\JUM52\DRIVER_WIN32_SDL\RELEASE\6502.SBR
C:\DEV\JUM52\DRIVER_WIN32_SDL\RELEASE\6502DIS.OBJ
C:\DEV\JUM52\DRIVER_WIN32_SDL\RELEASE\6502DIS.SBR
C:\dev\Jum52\driver_Win32_SDL\Release\BscMake.command.1.tlog
C:\dev\Jum52\driver_Win32_SDL\Release\bscmake.read.1.tlog
C:\dev\Jum52\driver_Win32_SDL\Release\bscmake.write.1.tlog
C:\dev\Jum52\driver_Win32_SDL\Release\cl.command.1.tlog
C:\dev\Jum52\driver_Win32_SDL\Release\CL.read.1.tlog
C:\dev\Jum52\driver_Win32_SDL\Release\CL.write.1.tlog
C:\DEV\JUM52\DRIVER_WIN32_SDL\RELEASE\CRC32.OBJ
C:\DEV\JUM52\DRIVER_WIN32_SDL\RELEASE\CRC32.SBR
C:\DEV\JUM52\DRIVER_WIN32_SDL\RELEASE\FONT5200.OBJ
C:\DEV\JUM52\DRIVER_WIN32_SDL\RELEASE\FONT5200.SBR
C:\DEV\JUM52\DRIVER_WIN32_SDL\RELEASE\GAMESAVE.OBJ
C:\DEV\JUM52\DRIVER_WIN32_SDL\RELEASE\GAMESAVE.SBR
C:\DEV\JUM52\DRIVER_WIN32_SDL\RELEASE\JUM52_WIN32.BSC
C:\DEV\JUM52\DRIVER_WIN32_SDL\RELEASE\JUM52_WIN32.EXE
C:\DEV\JUM52\DRIVER_WIN32_SDL\RELEASE\JUM52_WIN32.EXE.INTERMEDIATE.MANIFEST
C:\dev\Jum52\driver_Win32_SDL\Release\link.command.1.tlog
C:\dev\Jum52\driver_Win32_SDL\Release\link.read.1.tlog
C:\dev\Jum52\driver_Win32_SDL\Release\link.write.1.tlog
C:\DEV\JUM52\DRIVER_WIN32_SDL\RELEASE\MAIN.OBJ
C:\DEV\JUM52\DRIVER_WIN32_SDL\RELEASE\MAIN.SBR
C:\dev\Jum52\driver_Win32_SDL\Release\mt.command.1.tlog
C:\dev\Jum52\driver_Win32_SDL\Release\mt.read.1.tlog
C:\dev\Jum52\driver_Win32_SDL\Release\mt.write.1.tlog
C:\DEV\JUM52\DRIVER_WIN32_SDL\RELEASE\POKEY.OBJ
C:\DEV\JUM52\DRIVER_WIN32_SDL\RELEASE\POKEY.SBR
C:\DEV\JUM52\DRIVER_WIN32_SDL\RELEASE\VC100.PDB
C:\dev\Jum52\driver_Win32_SDL\Release\vc70.idb
C:\dev\Jum52\driver_Win32_SDL\Release\Win32_SDL.pch
Release\Jum52_Win32.bsc
